WARNING: In non-interactive mode release checks e.g. deprecated releases, production architectures are disabled.
[8MB/334.6MB][  2%][=>                                                ][8MB/s]  [104MB/334.6MB][ 31%][===============>                                  ][104MB/s]  [184MB/334.6MB][ 54%][===========================>                      ][92MB/s]  [200MB/334.6MB][ 59%][=============================>                    ][66.67MB/s]  [312MB/334.6MB][ 93%][==============================================>   ][78MB/s]  [334.6MB/334.6MB][100%][==================================================][83.65MB/s]  [334.6MB/334.6MB][100%][==================================================][83.65MB/s]  
TClass::Init:0: RuntimeWarning: no dictionary for class edm::ProcessHistory is available
TClass::Init:0: RuntimeWarning: no dictionary for class edm::ProcessConfiguration is available
TClass::Init:0: RuntimeWarning: no dictionary for class edm::ParameterSetBlob is available
TClass::Init:0: RuntimeWarning: no dictionary for class edm::Hash<1> is available
TClass::Init:0: RuntimeWarning: no dictionary for class pair<edm::Hash<1>,edm::ParameterSetBlob> is available
Info in <TUnixSystem::ACLiC>: creating shared library /pool/condor/dir_29291/MeasuredTauLepton_cc.so
In file included from input_line_11:6:
In file included from ./MeasuredTauLepton.cc:1:
In file included from ./MeasuredTauLepton.h:4:
./svFitAuxFunctions.h:5:10: fatal error: 'Math/LorentzVector.h' file not found
#include "Math/LorentzVector.h"
         ^~~~~~~~~~~~~~~~~~~~~~
Error in <ACLiC>: Dictionary generation failed!
Info in <TUnixSystem::ACLiC>: creating shared library /pool/condor/dir_29291/svFitAuxFunctions_cc.so
In file included from input_line_11:6:
In file included from ./svFitAuxFunctions.cc:1:
./svFitAuxFunctions.h:5:10: fatal error: 'Math/LorentzVector.h' file not found
#include "Math/LorentzVector.h"
         ^~~~~~~~~~~~~~~~~~~~~~
Error in <ACLiC>: Dictionary generation failed!
Info in <TUnixSystem::ACLiC>: creating shared library /pool/condor/dir_29291/FastMTT_cc.so
In file included from input_line_11:6:
In file included from ./FastMTT.cc:14:
./FastMTT.h:23:10: fatal error: 'Math/LorentzVector.h' file not found
#include "Math/LorentzVector.h"
         ^~~~~~~~~~~~~~~~~~~~~~
Error in <ACLiC>: Dictionary generation failed!
TH1D::Sumw2:0: RuntimeWarning: Sum of squares of weights structure already created
TH1D::Sumw2:0: RuntimeWarning: Sum of squares of weights structure already created
rm: cannot remove ‘*.so’: No such file or directory
rm: cannot remove ‘*.pcm’: No such file or directory
rm: cannot remove ‘*.so’: No such file or directory
rm: cannot remove ‘*.pcm’: No such file or directory
rm: cannot remove ‘*cc.d’: No such file or directory
