WARNING: In non-interactive mode release checks e.g. deprecated releases, production architectures are disabled.
[8MB/329.3MB][  2%][=>                                                ][2MB/s]  [24MB/329.3MB][  7%][===>                                              ][4.8MB/s]  [48MB/329.3MB][ 14%][=======>                                          ][8MB/s]  [72MB/329.3MB][ 21%][==========>                                       ][10.29MB/s]  [96MB/329.3MB][ 29%][==============>                                   ][12MB/s]  [128MB/329.3MB][ 38%][===================>                              ][14.22MB/s]  [152MB/329.3MB][ 46%][=======================>                          ][15.2MB/s]  [176MB/329.3MB][ 53%][==========================>                       ][16MB/s]  [200MB/329.3MB][ 60%][==============================>                   ][16.67MB/s]  [224MB/329.3MB][ 68%][==================================>               ][17.23MB/s]  [248MB/329.3MB][ 75%][=====================================>            ][17.71MB/s]  [272MB/329.3MB][ 82%][=========================================>        ][18.13MB/s]  [304MB/329.3MB][ 92%][==============================================>   ][19MB/s]  [328MB/329.3MB][ 99%][=================================================>][19.29MB/s]  [329.3MB/329.3MB][100%][==================================================][19.37MB/s]  [329.3MB/329.3MB][100%][==================================================][19.37MB/s]  
TClass::Init:0: RuntimeWarning: no dictionary for class edm::ProcessHistory is available
TClass::Init:0: RuntimeWarning: no dictionary for class edm::ProcessConfiguration is available
TClass::Init:0: RuntimeWarning: no dictionary for class edm::ParameterSetBlob is available
TClass::Init:0: RuntimeWarning: no dictionary for class edm::Hash<1> is available
TClass::Init:0: RuntimeWarning: no dictionary for class pair<edm::Hash<1>,edm::ParameterSetBlob> is available
Info in <TUnixSystem::ACLiC>: creating shared library /pool/condor/dir_29198/MeasuredTauLepton_cc.so
In file included from input_line_11:6:
In file included from ./MeasuredTauLepton.cc:1:
In file included from ./MeasuredTauLepton.h:4:
./svFitAuxFunctions.h:5:10: fatal error: 'Math/LorentzVector.h' file not found
#include "Math/LorentzVector.h"
         ^~~~~~~~~~~~~~~~~~~~~~
Error in <ACLiC>: Dictionary generation failed!
Info in <TUnixSystem::ACLiC>: creating shared library /pool/condor/dir_29198/svFitAuxFunctions_cc.so
In file included from input_line_11:6:
In file included from ./svFitAuxFunctions.cc:1:
./svFitAuxFunctions.h:5:10: fatal error: 'Math/LorentzVector.h' file not found
#include "Math/LorentzVector.h"
         ^~~~~~~~~~~~~~~~~~~~~~
Error in <ACLiC>: Dictionary generation failed!
Info in <TUnixSystem::ACLiC>: creating shared library /pool/condor/dir_29198/FastMTT_cc.so
In file included from input_line_11:6:
In file included from ./FastMTT.cc:14:
./FastMTT.h:23:10: fatal error: 'Math/LorentzVector.h' file not found
#include "Math/LorentzVector.h"
         ^~~~~~~~~~~~~~~~~~~~~~
Error in <ACLiC>: Dictionary generation failed!
TH1D::Sumw2:0: RuntimeWarning: Sum of squares of weights structure already created
TH1D::Sumw2:0: RuntimeWarning: Sum of squares of weights structure already created
rm: cannot remove ‘*.so’: No such file or directory
rm: cannot remove ‘*.pcm’: No such file or directory
rm: cannot remove ‘*.so’: No such file or directory
rm: cannot remove ‘*.pcm’: No such file or directory
rm: cannot remove ‘*cc.d’: No such file or directory
